TN:
SF:src\router.ts
FN:22,(anonymous_0)
FN:35,(anonymous_1)
FNF:2
FNH:2
FNDA:4,(anonymous_0)
FNDA:5,(anonymous_1)
DA:1,2
DA:2,2
DA:3,2
DA:4,2
DA:6,2
DA:8,2
DA:10,2
DA:16,2
DA:22,4
DA:28,2
DA:35,5
DA:42,2
DA:48,2
DA:53,2
LF:14
LH:14
BRF:0
BRH:0
end_of_record
TN:
SF:src\server.ts
FN:9,connectDB
FN:32,(anonymous_2)
FNF:2
FNH:2
FNDA:2,connectDB
FNDA:1,(anonymous_2)
DA:1,2
DA:2,2
DA:3,2
DA:10,2
DA:11,2
DA:12,1
DA:20,2
DA:23,2
DA:27,2
DA:30,2
DA:32,2
DA:33,1
DA:37,2
LF:13
LH:13
BRF:0
BRH:0
end_of_record
TN:
SF:src\config\db.ts
FNF:0
FNH:0
DA:1,2
DA:2,2
DA:3,2
DA:6,2
DA:11,2
LF:5
LH:5
BRF:0
BRH:0
end_of_record
TN:
SF:src\handlers\product.ts
FN:6,(anonymous_1)
FN:17,(anonymous_2)
FN:32,(anonymous_3)
FN:43,(anonymous_4)
FN:62,(anonymous_5)
FN:80,(anonymous_6)
FNF:6
FNH:5
FNDA:2,(anonymous_1)
FNDA:2,(anonymous_2)
FNDA:1,(anonymous_3)
FNDA:2,(anonymous_4)
FNDA:0,(anonymous_5)
FNDA:2,(anonymous_6)
DA:2,2
DA:6,2
DA:8,2
DA:14,2
DA:17,2
DA:18,2
DA:19,2
DA:23,2
DA:24,1
DA:26,1
DA:32,2
DA:39,1
DA:40,1
DA:43,2
DA:44,2
DA:45,2
DA:49,2
DA:50,1
DA:56,1
DA:57,1
DA:59,1
DA:62,2
DA:63,0
DA:64,0
DA:68,0
DA:69,0
DA:73,0
DA:74,0
DA:76,0
DA:80,2
DA:81,2
DA:82,2
DA:84,2
DA:85,1
DA:88,1
DA:89,1
LF:36
LH:29
BRDA:23,0,0,1
BRDA:23,0,1,1
BRDA:49,1,0,1
BRDA:49,1,1,1
BRDA:68,2,0,0
BRDA:68,2,1,0
BRDA:84,3,0,1
BRDA:84,3,1,1
BRF:8
BRH:6
end_of_record
TN:
SF:src\middleware\index.ts
FN:5,(anonymous_0)
FNF:1
FNH:1
FNDA:15,(anonymous_0)
DA:2,2
DA:5,2
DA:8,15
DA:10,15
DA:11,8
DA:14,7
LF:6
LH:6
BRDA:10,0,0,8
BRDA:10,0,1,7
BRF:2
BRH:2
end_of_record
TN:
SF:src\models\Product.model.ts
FNF:0
FNH:0
DA:1,2
DA:9,2
DA:13,2
DA:18,2
DA:24,2
DA:27,2
LF:6
LH:6
BRF:0
BRH:0
end_of_record
